-------------------------------------------
IP-Adress: 89.161.3.16
AS: AS39375 Telekomunikacja Podlasie Sp. z o.o.
Region: Podlasie
Zip: 15-424
Longitude: 23.15
Latitude: 53.1333
Country-Code: PL
Failed to gather information, here's the answer of the server:
{"as": "AS39375 Telekomunikacja Podlasie Sp. z o.o.", "city": "Bia\u0142ystok", "country": "Poland", "countryCode": "PL", "isp": "Telekomunikacja Podlasie Sp. z o.o.", "lat": 53.1333, "lon": 23.15, "org": "Telekomunikacja Podlasie IP network", "query": "89.161.3.16", "region": "PD", "regionName": "Podlasie", "status": "success", "timezone": "Europe/Warsaw", "zip": "15-424", "restime": "54"}

Error: 'charmap' codec can't encode character '\u0142' in position 9: character maps to <undefined>

-------------------------------------------

-------------------------------------------
IP-Adress: 87.76.29.19
AS: AS31463 4D Data Centres Ltd
Region: England
Zip: 
Longitude: -0.480328
Latitude: 51.3472
Country-Code: GB
City: Byfleet
Country: United Kingdom
-------------------------------------------

-------------------------------------------
IP-Adress: 45.55.129.76
AS: AS14061 DigitalOcean, LLC
Region: New Jersey
Zip: 07014
Longitude: -74.1307
Latitude: 40.8326
Country-Code: US
City: Clifton
Country: United States
-------------------------------------------

-------------------------------------------
IP-Adress: 186.116.93.181
AS: AS3816 COLOMBIA TELECOMUNICACIONES S.A. ESP
Region: Bogota D.C.
Zip: 
Longitude: -74.0877
Latitude: 4.65454
Country-Code: CO
City: Bogotá (Teusaquillo)
Country: Colombia
-------------------------------------------

-------------------------------------------
IP-Adress: 191.243.15.151
AS: AS263489 Velbras Provedor de Acesso as Redes de Comunicaçõe
Region: Sao Paulo
Zip: 15860
Longitude: -49.2188
Latitude: -21.0888
Country-Code: BR
City: Ibira
Country: Brazil
-------------------------------------------

-------------------------------------------
IP-Adress: 65.210.69.121
AS: AS701 MCI Communications Services, Inc. d/b/a Verizon Business
Region: Pennsylvania
Zip: 15228
Longitude: -80.0457
Latitude: 40.369
Country-Code: US
City: Pittsburgh
Country: United States
-------------------------------------------

-------------------------------------------
IP-Adress: 23.208.92.104
AS: AS20940 Akamai International B.V.
Region: Massachusetts
Zip: 02142
Longitude: -71.0843
Latitude: 42.3626
Country-Code: US
City: Cambridge
Country: United States
-------------------------------------------

-------------------------------------------
IP-Adress: 100.11.88.140
AS: AS701 MCI Communications Services, Inc. d/b/a Verizon Business
Region: Pennsylvania
Zip: 19446
Longitude: -75.2838
Latitude: 40.2415
Country-Code: US
City: Lansdale
Country: United States
-------------------------------------------

-------------------------------------------
IP-Adress: 195.254.233.203
AS: AS8564 Raiffeisen OnLine GmbH
Region: Trentino-Alto Adige
Zip: 39100
Longitude: 11.3398
Latitude: 46.4907
Country-Code: IT
City: Bolzano
Country: Italy
-------------------------------------------

-------------------------------------------
IP-Adress: 42.53.150.138
AS: AS4837 CHINA UNICOM China169 Backbone
Region: Liaoning
Zip: 
Longitude: 123.4328
Latitude: 41.7922
Country-Code: CN
City: Shenyang
Country: China
-------------------------------------------

-------------------------------------------
IP-Adress: 39.79.6.11
AS: AS4837 CHINA UNICOM China169 Backbone
Region: Shandong
Zip: 
Longitude: 116.9972
Latitude: 36.6683
Country-Code: CN
City: Jinan
Country: China
-------------------------------------------

-------------------------------------------
IP-Adress: 181.230.57.23
AS: AS10481 Prima S.A.
Region: Buenos Aires
Zip: 1842
Longitude: -58.4792
Latitude: -34.815
Country-Code: AR
City: Esteban Echeverria
Country: Argentina
-------------------------------------------

-------------------------------------------
IP-Adress: 88.4.253.232
AS: AS3352 Telefonica De Espana
Region: Castille and León
Zip: 47002
Longitude: -4.7237
Latitude: 41.6552
Country-Code: ES
City: Valladolid
Country: Spain
-------------------------------------------

-------------------------------------------
IP-Adress: 71.204.144.5
AS: AS7922 Comcast Cable Communications, LLC
Region: California
Zip: 95125
Longitude: -121.8868
Latitude: 37.2972
Country-Code: US
City: San Jose
Country: United States
-------------------------------------------

-------------------------------------------
IP-Adress: 220.120.7.129
AS: AS4766 Korea Telecom
Region: Seoul
Zip: 
Longitude: 126.978
Latitude: 37.5665
Country-Code: KR
City: Seoul
Country: Republic of Korea
-------------------------------------------

-------------------------------------------
IP-Adress: 62.211.149.134
AS: AS3269 Telecom Italia
Region: Piedmont
Zip: 10023
Longitude: 7.8213
Latitude: 45.0105
Country-Code: IT
City: Chieri
Country: Italy
-------------------------------------------

-------------------------------------------
IP-Adress: 177.55.217.199
AS: AS262531 Combo Livre
Region: Federal District
Zip: 
Longitude: -47.9167
Latitude: -15.7833
Country-Code: BR
City: Brasília
Country: Brazil
-------------------------------------------

-------------------------------------------
IP-Adress: 210.66.207.221
AS: AS4780 Digital United Inc.
Region: Taichung City
Zip: 
Longitude: 120.6839
Latitude: 24.1469
Country-Code: TW
City: Taichung
Country: Taiwan
-------------------------------------------

-------------------------------------------
IP-Adress: 221.224.39.225
AS: AS4134 No.31,Jin-rong Street
Region: Jiangsu
Zip: 
Longitude: 120.5954
Latitude: 31.3041
Country-Code: CN
City: Suzhou
Country: China
-------------------------------------------

-------------------------------------------
IP-Adress: 60.23.83.251
AS: AS4837 CHINA UNICOM China169 Backbone
Region: Liaoning
Zip: 
Longitude: 123.4328
Latitude: 41.7922
Country-Code: CN
City: Shenyang
Country: China
-------------------------------------------

-------------------------------------------
IP-Adress: 76.102.225.166
AS: AS7922 Comcast Cable Communications, LLC
Region: California
Zip: 94118
Longitude: -122.4625
Latitude: 37.7811
Country-Code: US
City: San Francisco
Country: United States
-------------------------------------------

-------------------------------------------
IP-Adress: 72.179.185.213
AS: AS11427 Time Warner Cable Internet LLC
Region: Texas
Zip: 78249
Longitude: -98.6161
Latitude: 29.5698
Country-Code: US
City: San Antonio
Country: United States
-------------------------------------------

-------------------------------------------
IP-Adress: 109.21.25.79
AS: AS15557 SFR SA
Region: Auvergne-Rhone-Alpes
Zip: 63430
Longitude: 3.2501
Latitude: 45.8008
Country-Code: FR
City: Pont-du-Chateau
Country: France
-------------------------------------------

-------------------------------------------
IP-Adress: 184.50.142.89
AS: AS8151 Uninet S.A. de C.V.
Region: Massachusetts
Zip: 02142
Longitude: -71.0843
Latitude: 42.3626
Country-Code: US
City: Cambridge
Country: United States
-------------------------------------------

-------------------------------------------
IP-Adress: 194.15.126.214
AS: AS48361 Global Telecommunications Ltd.
Region: Rostov
Zip: 
Longitude: 38.917
Latitude: 47.221
Country-Code: RU
City: Taganrog
Country: Russia
-------------------------------------------

-------------------------------------------
IP-Adress: 166.84.110.57
AS: AS2033 Panix Network Information Center
Region: New York
Zip: 10024
Longitude: -73.9775
Latitude: 40.7958
Country-Code: US
City: New York
Country: United States
-------------------------------------------

-------------------------------------------
IP-Adress: 174.63.110.3
AS: AS7922 Comcast Cable Communications, LLC
Region: Massachusetts
Zip: 02116
Longitude: -71.0746
Latitude: 42.3496
Country-Code: US
City: Boston
Country: United States
-------------------------------------------

-------------------------------------------
IP-Adress: 206.111.49.156
AS: AS2828 MCI Communications Services, Inc. d/b/a Verizon Business
Region: California
Zip: 93065
Longitude: -118.7843
Latitude: 34.2521
Country-Code: US
City: Simi Valley
Country: United States
-------------------------------------------

-------------------------------------------
IP-Adress: 98.151.73.128
AS: AS20001 Time Warner Cable Internet LLC
Region: Hawaii
Zip: 96814
Longitude: -157.8498
Latitude: 21.2967
Country-Code: US
City: Honolulu
Country: United States
-------------------------------------------

-------------------------------------------
IP-Adress: 79.37.55.61
AS: AS3269 Telecom Italia
Region: Campania
Zip: 84085
Longitude: 14.7667
Latitude: 40.7833
Country-Code: IT
City: Mercato San Severino
Country: Italy
-------------------------------------------

-------------------------------------------
IP-Adress: 109.190.60.205
AS: AS35540 OVH SAS
Region: Île-de-France
Zip: 
Longitude: 2.35222
Latitude: 48.8566
Country-Code: FR
City: Paris
Country: France
-------------------------------------------

-------------------------------------------
IP-Adress: 189.227.185.224
AS: AS8151 Uninet S.A. de C.V.
Region: Mexico City
Zip: 
Longitude: -99.1825
Latitude: 19.2981
Country-Code: MX
City: Mexico City (Manantial Peña Pobre)
Country: Mexico
-------------------------------------------

-------------------------------------------
IP-Adress: 88.189.180.90
AS: AS12322 Free SAS
Region: Provence-Alpes-Côte d'Azur
Zip: 06340
Longitude: 7.3188
Latitude: 43.7586
Country-Code: FR
City: Drap
Country: France
-------------------------------------------

-------------------------------------------
IP-Adress: 2.230.158.7
AS: AS12874 Fastweb
Region: Lombardy
Zip: 20093
Longitude: 9.278
Latitude: 45.53
Country-Code: IT
City: Cologno Monzese
Country: Italy
-------------------------------------------

-------------------------------------------
IP-Adress: 184.87.188.42
AS: AS16625 Akamai Technologies, Inc.
Region: North Holland
Zip: 1091
Longitude: 4.9167
Latitude: 52.35
Country-Code: NL
City: Amsterdam
Country: Netherlands
-------------------------------------------

-------------------------------------------
IP-Adress: 81.169.167.40
AS: AS6724 Strato AG
Region: Land Berlin
Zip: 12529
Longitude: 13.4
Latitude: 52.5167
Country-Code: DE
City: Berlin
Country: Germany
-------------------------------------------

-------------------------------------------
IP-Adress: 83.50.192.95
AS: AS3352 Telefonica De Espana
Region: Valencia
Zip: 03502
Longitude: -0.131
Latitude: 38.5382
Country-Code: ES
City: Benidorm
Country: Spain
-------------------------------------------

-------------------------------------------
IP-Adress: 112.238.100.231
AS: AS4837 CHINA UNICOM China169 Backbone
Region: Shandong
Zip: 
Longitude: 120.3286
Latitude: 37.6508
Country-Code: CN
City: Longkou
Country: China
-------------------------------------------

-------------------------------------------
IP-Adress: 84.232.122.222
AS: AS29119 ServiHosting Networks S.L.
Region: Andalusia
Zip: 21700
Longitude: -6.5523
Latitude: 37.386
Country-Code: ES
City: La Palma del Condado
Country: Spain
-------------------------------------------

-------------------------------------------
IP-Adress: 115.171.129.188
AS: AS4847 China Networks Inter-Exchange
Region: Beijing
Zip: 
Longitude: 116.3883
Latitude: 39.9289
Country-Code: CN
City: Beijing
Country: China
-------------------------------------------

-------------------------------------------
IP-Adress: 115.210.37.184
AS: AS4134 No.31,Jin-rong Street
Region: Zhejiang
Zip: 
Longitude: 119.6442
Latitude: 29.1068
Country-Code: CN
City: Jinhua
Country: China
-------------------------------------------

-------------------------------------------
IP-Adress: 60.184.69.86
AS: AS4134 No.31,Jin-rong Street
Region: Zhejiang
Zip: 
Longitude: 120.0933
Latitude: 30.8703
Country-Code: CN
City: Huzhou
Country: China
-------------------------------------------

-------------------------------------------
IP-Adress: 37.46.166.17
AS: AS33885 Ownit AB
Region: Stockholm
Zip: 173 11
Longitude: 18.05
Latitude: 59.3333
Country-Code: SE
City: Stockholm
Country: Sweden
-------------------------------------------

-------------------------------------------
IP-Adress: 156.202.113.178
AS: AS8452 TE-AS
Region: Giza
Zip: 
Longitude: 31.0192
Latitude: 30.077
Country-Code: EG
City: Al-Sheikh Zayed
Country: Egypt
-------------------------------------------

-------------------------------------------
IP-Adress: 200.39.78.175
AS: AS53046 UNIVERSIDADE ESTADUAL DE PONTA GROSSA
Region: Parana
Zip: 
Longitude: -50.15
Latitude: -25.0833
Country-Code: BR
City: Ponta Grossa
Country: Brazil
-------------------------------------------

-------------------------------------------
IP-Adress: 104.179.170.111
AS: AS7018 AT&T Services, Inc.
Region: Florida
Zip: 34982
Longitude: -80.302
Latitude: 27.3714
Country-Code: US
City: Ft. Pierce
Country: United States
-------------------------------------------

-------------------------------------------
IP-Adress: 112.93.14.54
AS: AS17816 China Unicom IP network China169 Guangdong province
Region: Guangdong
Zip: 
Longitude: 113.25
Latitude: 23.1167
Country-Code: CN
City: Guangzhou
Country: China
-------------------------------------------

-------------------------------------------
IP-Adress: 108.54.145.17
AS: AS701 MCI Communications Services, Inc. d/b/a Verizon Business
Region: New York
Zip: 11211
Longitude: -73.9469
Latitude: 40.7111
Country-Code: US
City: Brooklyn
Country: United States
-------------------------------------------

-------------------------------------------
IP-Adress: 200.33.25.1
AS: AS8151 Uninet S.A. de C.V.
Region: Yucatán
Zip: 
Longitude: -89.6408
Latitude: 20.9889
Country-Code: MX
City: Mérida
Country: Mexico
-------------------------------------------

-------------------------------------------
IP-Adress: 89.244.177.248
AS: AS8881 1&1 Versatel Deutschland GmbH
Region: Baden-Württemberg Region
Zip: 70178
Longitude: 9.1833
Latitude: 48.7667
Country-Code: DE
City: Stuttgart
Country: Germany
-------------------------------------------

-------------------------------------------
IP-Adress: 84.209.11.35
AS: AS41164 Get AS
Region: Oslo County
Zip: 0001
Longitude: 10.7487
Latitude: 59.905
Country-Code: NO
City: Oslo
Country: Norway
-------------------------------------------

-------------------------------------------
IP-Adress: 84.221.163.199
AS: AS8612 Tiscali SpA
Region: Sardinia
Zip: 09025
Longitude: 8.8997
Latitude: 39.5618
Country-Code: IT
City: Sanluri
Country: Italy
-------------------------------------------

-------------------------------------------
IP-Adress: 179.206.137.99
AS: AS26615 Tim Celular S.A.
Region: Sao Paulo
Zip: 
Longitude: -46.6333
Latitude: -23.5505
Country-Code: BR
City: São Paulo
Country: Brazil
-------------------------------------------

-------------------------------------------
IP-Adress: 190.161.157.183
AS: AS22047 VTR BANDA ANCHA S.A.
Region: Region de Valparaiso
Zip: 
Longitude: -71.5197
Latitude: -33.0081
Country-Code: CL
City: Viña del Mar
Country: Chile
-------------------------------------------

-------------------------------------------
IP-Adress: 73.100.223.160
AS: AS7922 Comcast Cable Communications, LLC
Region: Connecticut
Zip: 06415
Longitude: -72.343
Latitude: 41.5471
Country-Code: US
City: Colchester
Country: United States
-------------------------------------------

-------------------------------------------
IP-Adress: 46.52.33.218
AS: AS35819 Bayanat Al-Oula For Network Services
Region: Eastern Province
Zip: 
Longitude: 49.6634
Latitude: 27.0084
Country-Code: SA
City: Al Jubayl
Country: Saudi Arabia
-------------------------------------------

-------------------------------------------
IP-Adress: 62.156.153.78
AS: AS3320 Deutsche Telekom AG
Region: Bavaria
Zip: 82152
Longitude: 11.4
Latitude: 48.1
Country-Code: DE
City: Planegg
Country: Germany
-------------------------------------------

-------------------------------------------
IP-Adress: 111.161.134.1
AS: AS4837 CHINA UNICOM China169 Backbone
Region: Tianjin
Zip: 
Longitude: 117.1767
Latitude: 39.1422
Country-Code: CN
City: Tianjin
Country: China
-------------------------------------------

-------------------------------------------
IP-Adress: 85.246.11.31
AS: AS3243 Servicos De Comunicacoes E Multimedia S.A.
Region: Lisbon
Zip: 1200-181
Longitude: -9.1333
Latitude: 38.7167
Country-Code: PT
City: Lisbon
Country: Portugal
-------------------------------------------

-------------------------------------------
IP-Adress: 95.163.124.160
AS: AS12695 JSC Digital Network
Region: Moscow
Zip: 102128
Longitude: 37.6156
Latitude: 55.7522
Country-Code: RU
City: Moscow
Country: Russia
-------------------------------------------

-------------------------------------------
IP-Adress: 184.25.159.95
AS: AS20940 Akamai International B.V.
Region: North Holland
Zip: 1091
Longitude: 4.9167
Latitude: 52.35
Country-Code: NL
City: Amsterdam
Country: Netherlands
-------------------------------------------

-------------------------------------------
IP-Adress: 60.112.255.64
AS: AS17676 Softbank BB Corp.
Region: Saitama
Zip: 335-0012
Longitude: 139.6925
Latitude: 35.8094
Country-Code: JP
City: Shimotoda
Country: Japan
-------------------------------------------

-------------------------------------------
IP-Adress: 88.202.236.242
AS: AS198435 EDX Network EURL
Region: Auvergne-Rhône-Alpes
Zip: 
Longitude: 3.75708
Latitude: 46.1445
Country-Code: FR
City: Arfeuilles (David)
Country: France
-------------------------------------------

-------------------------------------------
IP-Adress: 59.164.125.206
AS: AS17908 Tata Communications
Region: Maharashtra
Zip: 411001
Longitude: 73.8667
Latitude: 18.5333
Country-Code: IN
City: Pune
Country: India
-------------------------------------------

-------------------------------------------
IP-Adress: 12.87.253.106
AS: AS7018 AT&T Services, Inc.
Region: Wisconsin
Zip: 53704
Longitude: -89.3491
Latitude: 43.1331
Country-Code: US
City: Madison
Country: United States
-------------------------------------------

-------------------------------------------
IP-Adress: 94.236.242.184
AS: AS8866 Vivacom
Region: Sofia-Capital
Zip: 1000
Longitude: 23.3167
Latitude: 42.6833
Country-Code: BG
City: Sofia
Country: Bulgaria
-------------------------------------------

-------------------------------------------
IP-Adress: 73.23.177.142
AS: AS7922 Comcast Cable Communications, LLC
Region: Florida
Zip: 34104
Longitude: -81.7364
Latitude: 26.1526
Country-Code: US
City: Naples
Country: United States
-------------------------------------------

-------------------------------------------
IP-Adress: 121.99.116.242
AS: AS9790 CallPlus Services Limited
Region: Auckland
Zip: 1010
Longitude: 174.765
Latitude: -36.85
Country-Code: NZ
City: Auckland
Country: New Zealand
-------------------------------------------

-------------------------------------------
IP-Adress: 2.126.20.122
AS: AS5607 Sky UK Limited
Region: England
Zip: EC2V
Longitude: -0.0931
Latitude: 51.5142
Country-Code: GB
City: London
Country: United Kingdom
-------------------------------------------

-------------------------------------------
IP-Adress: 27.212.209.16
AS: AS4837 CHINA UNICOM China169 Backbone
Region: Shandong
Zip: 
Longitude: 118.0633
Latitude: 36.7906
Country-Code: CN
City: Zibo
Country: China
-------------------------------------------

-------------------------------------------
IP-Adress: 190.234.214.69
AS: AS6147 Telefonica del Peru S.A.A.
Region: Lima
Zip: 
Longitude: -77.0886
Latitude: -12.0678
Country-Code: PE
City: Lima
Country: Peru
-------------------------------------------

-------------------------------------------
IP-Adress: 170.59.41.254
AS: AS6983 Earthlink, Inc.
Region: Georgia
Zip: 30342
Longitude: -84.3783
Latitude: 33.8822
Country-Code: US
City: Atlanta
Country: United States
-------------------------------------------

-------------------------------------------
IP-Adress: 67.253.131.72
AS: AS11351 Time Warner Cable Internet LLC
Region: New York
Zip: 14004
Longitude: -78.5008
Latitude: 42.9038
Country-Code: US
City: Alden
Country: United States
-------------------------------------------

-------------------------------------------
IP-Adress: 101.98.31.74
AS: AS9790 CallPlus Services Limited
Region: Marlborough
Zip: 7201
Longitude: 173.9572
Latitude: -41.5456
Country-Code: NZ
City: Blenheim
Country: New Zealand
-------------------------------------------

-------------------------------------------
IP-Adress: 163.158.125.121
AS: AS15435 CAIW Diensten B.V.
Region: Provincie Overijssel
Zip: 7601
Longitude: 6.6708
Latitude: 52.3456
Country-Code: NL
City: Almelo
Country: Netherlands
-------------------------------------------

-------------------------------------------
IP-Adress: 66.18.212.195
AS: AS26546 Nucleus Information Service, Inc.
Region: Alberta
Zip: T2R
Longitude: -114.0762
Latitude: 51.0412
Country-Code: CA
City: Calgary
Country: Canada
-------------------------------------------

-------------------------------------------
IP-Adress: 68.54.22.128
AS: AS7922 Comcast Cable Communications, LLC
Region: Minnesota
Zip: 55347
Longitude: -93.4599
Latitude: 44.8309
Country-Code: US
City: Eden Prairie
Country: United States
-------------------------------------------

-------------------------------------------
IP-Adress: 65.35.75.99
AS: AS33363 BRIGHT HOUSE NETWORKS, LLC
Region: Florida
Zip: 33782
Longitude: -82.7094
Latitude: 27.8626
Country-Code: US
City: Pinellas Park
Country: United States
-------------------------------------------

-------------------------------------------
IP-Adress: 83.235.179.34
AS: AS6799 OTEnet S.A.
Region: Attica
Zip: 
Longitude: 23.7333
Latitude: 37.9833
Country-Code: GR
City: Athens
Country: Greece
-------------------------------------------

-------------------------------------------
IP-Adress: 180.149.182.163
AS: AS4721 Jupiter Telecommunications Co., Ltd.
Region: Saitama
Zip: 330-0063
Longitude: 139.6489
Latitude: 35.8569
Country-Code: JP
City: Saitama
Country: Japan
-------------------------------------------

-------------------------------------------
IP-Adress: 59.89.153.243
AS: AS9829 National Internet Backbone
Region: Uttar Pradesh
Zip: 282005
Longitude: 78.0167
Latitude: 27.2167
Country-Code: IN
City: Dayal Bagh
Country: India
-------------------------------------------

-------------------------------------------
IP-Adress: 189.183.7.216
AS: AS8151 Uninet S.A. de C.V.
Region: Nuevo León
Zip: 65516
Longitude: -100.3
Latitude: 25.75
Country-Code: MX
City: San Nicolás de los Garza
Country: Mexico
-------------------------------------------

-------------------------------------------
IP-Adress: 2.17.226.207
AS: AS20940 Akamai International B.V.
Region: North Holland
Zip: 
Longitude: 4.89517
Latitude: 52.3702
Country-Code: NL
City: Amsterdam
Country: Netherlands
-------------------------------------------

-------------------------------------------
IP-Adress: 67.254.206.41
AS: AS12271 Time Warner Cable Internet LLC
Region: New York
Zip: 10040
Longitude: -73.9314
Latitude: 40.8596
Country-Code: US
City: New York
Country: United States
-------------------------------------------

-------------------------------------------
IP-Adress: 190.72.232.126
AS: AS8048 CANTV Servicios, Venezuela
Region: Capital
Zip: 
Longitude: -66.9167
Latitude: 10.5
Country-Code: VE
City: Caracas
Country: Venezuela
-------------------------------------------

-------------------------------------------
IP-Adress: 173.43.65.193
AS: AS20001 Time Warner Cable Internet LLC
Region: California
Zip: 
Longitude: -117.999
Latitude: 33.6603
Country-Code: US
City: Huntington Beach
Country: United States
-------------------------------------------

-------------------------------------------
IP-Adress: 74.47.126.242
AS: AS5650 Frontier Communications of America, Inc.
Region: Pennsylvania
Zip: 18612
Longitude: -75.9904
Latitude: 41.3424
Country-Code: US
City: Dallas
Country: United States
-------------------------------------------

-------------------------------------------
IP-Adress: 62.225.171.225
AS: AS3320 Deutsche Telekom AG
Region: Rheinland-Pfalz
Zip: 
Longitude: 7.83159
Latitude: 50.4374
Country-Code: DE
City: Montabaur
Country: Germany
-------------------------------------------

-------------------------------------------
IP-Adress: 77.29.223.197
AS: AS6821 Makedonski Telekom AD-Skopje
Region: Opstina Karpos
Zip: 1000
Longitude: 21.4333
Latitude: 42
Country-Code: MK
City: Skopje
Country: Macedonia
-------------------------------------------

-------------------------------------------
IP-Adress: 81.149.107.104
AS: AS2856 British Telecommunications PLC
Region: England
Zip: SW19
Longitude: -0.2167
Latitude: 51.4333
Country-Code: GB
City: Wimbledon
Country: United Kingdom
-------------------------------------------

-------------------------------------------
IP-Adress: 188.187.32.175
AS: AS51570 JSC ER-Telecom Holding
Region: St.-Petersburg
Zip: 190817
Longitude: 30.2642
Latitude: 59.8944
Country-Code: RU
City: St Petersburg
Country: Russia
-------------------------------------------

-------------------------------------------
IP-Adress: 71.251.181.137
AS: AS701 MCI Communications Services, Inc. d/b/a Verizon Business
Region: Virginia
Zip: 23518
Longitude: -76.1858
Latitude: 36.9095
Country-Code: US
City: Norfolk
Country: United States
-------------------------------------------

-------------------------------------------
IP-Adress: 68.44.243.145
AS: AS7922 Comcast Cable Communications, LLC
Region: Indiana
Zip: 46217
Longitude: -86.2005
Latitude: 39.678
Country-Code: US
City: Indianapolis
Country: United States
-------------------------------------------

-------------------------------------------
IP-Adress: 93.220.181.210
AS: AS3320 Deutsche Telekom AG
Region: Saxony
Zip: 02681
Longitude: 14.4559
Latitude: 51.0846
Country-Code: DE
City: Schirgiswalde
Country: Germany
-------------------------------------------

-------------------------------------------
IP-Adress: 116.39.99.77
AS: AS17858 LG POWERCOMM
Region: Gyeongsangnam-do
Zip: 
Longitude: 128.6811
Latitude: 35.2281
Country-Code: KR
City: Changwon
Country: Republic of Korea
-------------------------------------------

-------------------------------------------
IP-Adress: 86.21.89.163
AS: AS5089 Virgin Media Limited
Region: England
Zip: DE24
Longitude: -1.4224
Latitude: 52.8918
Country-Code: GB
City: Derby
Country: United Kingdom
-------------------------------------------

-------------------------------------------
IP-Adress: 87.112.105.156
AS: AS6871 British Telecommunications PLC
Region: England
Zip: 
Longitude: -0.25177
Latitude: 51.5902
Country-Code: GB
City: Edgware (Colindale)
Country: United Kingdom
-------------------------------------------

-------------------------------------------
IP-Adress: 68.100.121.30
AS: AS22773 Cox Communications Inc.
Region: Virginia
Zip: 22041
Longitude: -77.1425
Latitude: 38.8472
Country-Code: US
City: Falls Church
Country: United States
-------------------------------------------

-------------------------------------------
IP-Adress: 72.185.21.248
AS: AS33363 BRIGHT HOUSE NETWORKS, LLC
Region: Florida
Zip: 34465
Longitude: -82.4723
Latitude: 28.9345
Country-Code: US
City: Beverly Hills
Country: United States
-------------------------------------------

-------------------------------------------
IP-Adress: 92.190.124.200
AS: AS12479 Orange Espagne SA
Region: Madrid
Zip: 28001
Longitude: -3.6838
Latitude: 40.4167
Country-Code: ES
City: Madrid
Country: Spain
-------------------------------------------

-------------------------------------------
IP-Adress: 90.71.129.248
AS: AS12479 Orange Espagne SA
Region: Madrid
Zip: 
Longitude: -3.80019
Latitude: 40.4175
Country-Code: ES
City: Pozuelo de Alarcón
Country: Spain
-------------------------------------------

-------------------------------------------
IP-Adress: 204.145.126.63
AS: AS46656 MeetMe, Inc.
Region: Pennsylvania
Zip: 19047
Longitude: -74.893
Latitude: 40.1804
Country-Code: US
City: Langhorne
Country: United States
-------------------------------------------

-------------------------------------------
IP-Adress: 167.57.92.36
AS: AS6057 Administracion Nacional de Telecomunicaciones
Region: Departamento de Montevideo
Zip: 11600
Longitude: -56.1333
Latitude: -34.9
Country-Code: UY
City: Montevideo
Country: Uruguay
-------------------------------------------

-------------------------------------------
IP-Adress: 67.172.101.20
AS: AS7922 Comcast Cable Communications, LLC
Region: Tennessee
Zip: 37080
Longitude: -86.9229
Latitude: 36.3165
Country-Code: US
City: Joelton
Country: United States
-------------------------------------------

-------------------------------------------
IP-Adress: 95.101.68.240
AS: AS3269 Telecom Italia
Region: Lombardy
Zip: 
Longitude: 9.18592
Latitude: 45.4654
Country-Code: IT
City: Milan
Country: Italy
-------------------------------------------

-------------------------------------------
IP-Adress: 192.237.188.183
AS: AS19994 Rackspace Ltd.
Region: Texas
Zip: 78218
Longitude: -98.3987
Latitude: 29.4889
Country-Code: US
City: San Antonio
Country: United States
-------------------------------------------

-------------------------------------------
IP-Adress: 83.101.52.177
AS: AS29587 schedom vof
Region: Brussels Capital
Zip: 1080
Longitude: 4.3528
Latitude: 50.8466
Country-Code: BE
City: Brussels
Country: Belgium
-------------------------------------------

-------------------------------------------
IP-Adress: 124.94.5.164
AS: AS4837 CHINA UNICOM China169 Backbone
Region: Liaoning
Zip: 
Longitude: 124.1475
Latitude: 39.8775
Country-Code: CN
City: Xinxing
Country: China
-------------------------------------------

-------------------------------------------
IP-Adress: 114.240.145.85
AS: AS4808 China Unicom Beijing Province Network
Region: Beijing
Zip: 
Longitude: 116.3883
Latitude: 39.9289
Country-Code: CN
City: Beijing
Country: China
-------------------------------------------

-------------------------------------------
IP-Adress: 177.139.173.173
AS: AS27699 TELEFÔNICA BRASIL S.A
Region: Sao Paulo
Zip: 
Longitude: -46.55
Latitude: -23.7
Country-Code: BR
City: São Bernardo do Campo
Country: Brazil
-------------------------------------------

-------------------------------------------
IP-Adress: 92.89.118.9
AS: AS15557 SFR SA
Region: Grand-Est
Zip: 55100
Longitude: 5.407
Latitude: 49.2584
Country-Code: FR
City: Verdun
Country: France
-------------------------------------------

-------------------------------------------
IP-Adress: 42.98.122.105
AS: AS4760 PCCW Limited
Region: Tsuen Wan District
Zip: 
Longitude: 114.05
Latitude: 22.3667
Country-Code: HK
City: Sham Tseng
Country: Hong Kong
-------------------------------------------

-------------------------------------------
IP-Adress: 84.1.133.25
AS: AS5483 Magyar Telekom plc.
Region: Budapest fovaros
Zip: 
Longitude: 19.0402
Latitude: 47.4979
Country-Code: HU
City: Budapest
Country: Hungary
-------------------------------------------

-------------------------------------------
IP-Adress: 217.247.114.150
AS: AS3320 Deutsche Telekom AG
Region: Saxony-Anhalt
Zip: 06844
Longitude: 12.2475
Latitude: 51.8441
Country-Code: DE
City: Dessau
Country: Germany
-------------------------------------------

-------------------------------------------
IP-Adress: 98.244.218.252
AS: AS7922 Comcast Cable Communications, LLC
Region: Florida
Zip: 34287
Longitude: -82.2552
Latitude: 27.0633
Country-Code: US
City: North Port
Country: United States
-------------------------------------------

-------------------------------------------
IP-Adress: 86.66.255.252
AS: AS15557 SFR SA
Region: Île-de-France
Zip: 75014
Longitude: 2.3264
Latitude: 48.8331
Country-Code: FR
City: Paris
Country: France
-------------------------------------------

-------------------------------------------
IP-Adress: 5.238.230.135
AS: AS12880 Information Technology Company (ITC)
Region: Ostan-e Tehran
Zip: 
Longitude: 51.3304
Latitude: 35.7261
Country-Code: IR
City: Tehran
Country: Iran
-------------------------------------------

-------------------------------------------
IP-Adress: 221.9.242.96
AS: AS4837 CHINA UNICOM China169 Backbone
Region: Jilin
Zip: 
Longitude: 125.3228
Latitude: 43.88
Country-Code: CN
City: Changchun
Country: China
-------------------------------------------

-------------------------------------------
IP-Adress: 192.112.194.79
AS: AS64200 Vivid Hosting
Region: Arizona
Zip: 85225
Longitude: -111.8244
Latitude: 33.3233
Country-Code: US
City: Chandler
Country: United States
-------------------------------------------

-------------------------------------------
IP-Adress: 87.58.77.14
AS: AS3292 Tele Danmark
Region: South Denmark
Zip: 5500
Longitude: 10.2694
Latitude: 55.382
Country-Code: DK
City: Middelfart
Country: Denmark
-------------------------------------------

-------------------------------------------
IP-Adress: 160.80.230.200
AS: AS137 Consortium GARR
Region: Latium
Zip: 00134
Longitude: 12.4833
Latitude: 41.9
Country-Code: IT
City: Rome
Country: Italy
-------------------------------------------

-------------------------------------------
IP-Adress: 180.169.141.235
AS: AS4812 China Telecom (Group)
Region: Shanghai
Zip: 
Longitude: 121.3997
Latitude: 31.0456
Country-Code: CN
City: Shanghai
Country: China
-------------------------------------------

-------------------------------------------
IP-Adress: 175.2.239.32
AS: AS4134 No.31,Jin-rong Street
Region: Hunan
Zip: 
Longitude: 113.1136
Latitude: 28.1792
Country-Code: CN
City: Changsha
Country: China
-------------------------------------------

-------------------------------------------
IP-Adress: 175.30.27.129
AS: AS4134 No.31,Jin-rong Street
Region: Jilin
Zip: 
Longitude: 125.3228
Latitude: 43.88
Country-Code: CN
City: Changchun
Country: China
-------------------------------------------

-------------------------------------------
IP-Adress: 177.155.68.201
AS: AS52748 Seixas Telecomunicações
Region: Rio Grande do Sul
Zip: 95860
Longitude: -51.8175
Latitude: -29.7289
Country-Code: BR
City: Taquari
Country: Brazil
-------------------------------------------

-------------------------------------------
IP-Adress: 80.91.245.254
AS: AS1299 Telia Company AB
Region: Hamburg
Zip: 
Longitude: 9.99368
Latitude: 53.5511
Country-Code: DE
City: Hamburg
Country: Germany
-------------------------------------------

-------------------------------------------
IP-Adress: 200.99.138.112
AS: AS15180 UOL DIVEO S.A.
Region: Sao Paulo
Zip: 
Longitude: -46.6417
Latitude: -23.5733
Country-Code: BR
City: São Paulo
Country: Brazil
-------------------------------------------

-------------------------------------------
IP-Adress: 74.89.40.1
AS: AS6128 Cablevision Systems Corp.
Region: New York
Zip: 11235
Longitude: -73.924
Latitude: 40.5833
Country-Code: US
City: Brooklyn
Country: United States
-------------------------------------------

-------------------------------------------
IP-Adress: 79.115.25.146
AS: AS8708 RCS & RDS
Region: Judetul Arges
Zip: 110011
Longitude: 24.8667
Latitude: 44.85
Country-Code: RO
Failed to gather information, here's the answer of the server:
{"as": "AS8708 RCS & RDS", "city": "Pite\u015fti", "country": "Romania", "countryCode": "RO", "isp": "RCS & RDS", "lat": 44.85, "lon": 24.8667, "org": "RCS & RDS Business", "query": "79.115.25.146", "region": "AG", "regionName": "Judetul Arges", "status": "success", "timezone": "Europe/Bucharest", "zip": "110011", "restime": "117"}

Error: 'charmap' codec can't encode character '\u015f' in position 10: character maps to <undefined>

-------------------------------------------

-------------------------------------------
IP-Adress: 91.61.198.222
AS: AS3320 Deutsche Telekom AG
Region: Baden-Württemberg Region
Zip: 77933
Longitude: 7.8704
Latitude: 48.3372
Country-Code: DE
City: Lahr
Country: Germany
-------------------------------------------

-------------------------------------------
IP-Adress: 112.126.137.25
AS: AS37963 Hangzhou Alibaba Advertising Co.,Ltd.
Region: Zhejiang
Zip: 
Longitude: 120.1614
Latitude: 30.2936
Country-Code: CN
City: Hangzhou
Country: China
-------------------------------------------

-------------------------------------------
IP-Adress: 138.201.20.62
AS: AS24940 Hetzner Online GmbH
Region: Bavaria
Zip: 84028
Longitude: 12.1523
Latitude: 48.5359
Country-Code: DE
City: Landshut
Country: Germany
-------------------------------------------

-------------------------------------------
IP-Adress: 2.219.76.106
AS: AS5607 Sky UK Limited
Region: England
Zip: TS6
Longitude: -1.1628
Latitude: 54.5728
Country-Code: GB
City: Middlesbrough
Country: United Kingdom
-------------------------------------------

-------------------------------------------
IP-Adress: 88.17.57.213
AS: AS3352 Telefonica De Espana
Region: Catalonia
Zip: 08350
Longitude: 2.5494
Latitude: 41.5819
Country-Code: ES
City: Arenys de Mar
Country: Spain
-------------------------------------------

-------------------------------------------
IP-Adress: 71.212.251.191
AS: AS209 Qwest Communications Company, LLC
Region: Colorado
Zip: 80120
Longitude: -105.0141
Latitude: 39.5975
Country-Code: US
City: Littleton
Country: United States
-------------------------------------------

-------------------------------------------
IP-Adress: 122.191.100.220
AS: AS4837 CHINA UNICOM China169 Backbone
Region: Hubei
Zip: 
Longitude: 114.2734
Latitude: 30.5801
Country-Code: CN
City: Wuhan
Country: China
-------------------------------------------

-------------------------------------------
IP-Adress: 81.203.196.215
AS: AS12357 Vodafone Spain
Region: Valencia
Zip: 46600
Longitude: -0.4333
Latitude: 39.15
Country-Code: ES
City: Alzira
Country: Spain
-------------------------------------------

-------------------------------------------
IP-Adress: 112.237.72.160
AS: AS4837 CHINA UNICOM China169 Backbone
Region: Shandong
Zip: 
Longitude: 121.4
Latitude: 37.5333
Country-Code: CN
City: Yantai
Country: China
-------------------------------------------

-------------------------------------------
IP-Adress: 103.26.77.61
AS: AS23650 AS Number for CHINANET jiangsu province backbone
Region: Anhui
Zip: 
Longitude: 117.2808
Latitude: 31.8639
Country-Code: CN
City: Hefei
Country: China
-------------------------------------------

-------------------------------------------
IP-Adress: 196.222.163.237
AS: AS37405 UNIV-NG-NSUKKA
Region: Enugu
Zip: 
Longitude: 7.40957
Latitude: 6.86761
Country-Code: NG
City: Nsukka (Ihe Nsukka)
Country: Nigeria
-------------------------------------------

-------------------------------------------
IP-Adress: 86.38.174.117
AS: AS15419 SC Lithuanian Radio and TV Center
Region: Vilnius County
Zip: 
Longitude: 25.2147
Latitude: 54.6873
Country-Code: LT
City: Vilnius
Country: Republic of Lithuania
-------------------------------------------

-------------------------------------------
IP-Adress: 92.247.229.59
AS: AS29580 Mobiltel Ead
Region: Sofia-Capital
Zip: 1000
Longitude: 23.3167
Latitude: 42.6833
Country-Code: BG
City: Sofia
Country: Bulgaria
-------------------------------------------

-------------------------------------------
IP-Adress: 108.30.58.109
AS: AS701 MCI Communications Services, Inc. d/b/a Verizon Business
Region: New York
Zip: 10018
Longitude: -73.9924
Latitude: 40.7553
Country-Code: US
City: New York
Country: United States
-------------------------------------------

-------------------------------------------
IP-Adress: 69.207.59.200
AS: AS11351 Time Warner Cable Internet LLC
Region: New York
Zip: 14072
Longitude: -78.9574
Latitude: 43.0109
Country-Code: US
City: Grand Island
Country: United States
-------------------------------------------

-------------------------------------------
IP-Adress: 88.21.83.47
AS: AS3352 Telefonica De Espana
Region: Madrid
Zip: 28001
Longitude: -3.6838
Latitude: 40.4167
Country-Code: ES
City: Madrid
Country: Spain
-------------------------------------------

-------------------------------------------
IP-Adress: 84.59.168.23
AS: AS3209 Vodafone GmbH
Region: Hesse
Zip: 60316
Longitude: 8.6966
Latitude: 50.1209
Country-Code: DE
City: Frankfurt am Main
Country: Germany
-------------------------------------------

-------------------------------------------
IP-Adress: 52.85.184.188
AS: AS16509 Amazon.com, Inc.
Region: Washington
Zip: 98109
Longitude: -122.3422
Latitude: 47.6344
Country-Code: US
City: Seattle
Country: United States
-------------------------------------------

-------------------------------------------
IP-Adress: 60.92.3.220
AS: AS17676 Softbank BB Corp.
Region: Okayama
Zip: 700-0827
Longitude: 133.935
Latitude: 34.6617
Country-Code: JP
City: Okayama
Country: Japan
-------------------------------------------

-------------------------------------------
IP-Adress: 89.141.180.206
AS: AS6739 Vodafone Ono, S.A.
Region: Murcia
Zip: 30203
Longitude: -0.9862
Latitude: 37.6051
Country-Code: ES
City: Cartagena
Country: Spain
-------------------------------------------

-------------------------------------------
IP-Adress: 91.154.45.41
AS: AS719 Elisa Oyj
Region: Uusimaa
Zip: 01610
Longitude: 24.8755
Latitude: 60.2626
Country-Code: FI
City: Vantaa
Country: Finland
-------------------------------------------

-------------------------------------------
IP-Adress: 98.214.84.62
AS: AS7922 Comcast Cable Communications, LLC
Region: Indiana
Zip: 46143
Longitude: -86.1111
Latitude: 39.5925
Country-Code: US
City: Greenwood
Country: United States
-------------------------------------------

-------------------------------------------
IP-Adress: 50.107.40.224
AS: AS5650 Frontier Communications of America, Inc.
Region: Minnesota
Zip: 55735
Longitude: -93.046
Latitude: 46.2306
Country-Code: US
City: Finlayson
Country: United States
-------------------------------------------

-------------------------------------------
IP-Adress: 90.217.88.154
AS: AS5607 Sky UK Limited
Region: Northern Ireland
Zip: BT14
Longitude: -5.9333
Latitude: 54.5833
Country-Code: GB
City: Belfast
Country: United Kingdom
-------------------------------------------

-------------------------------------------
IP-Adress: 64.122.232.1
AS: AS7385 Integra Telecom, Inc.
Region: Minnesota
Zip: 55337
Longitude: -93.2737
Latitude: 44.7799
Country-Code: US
City: Burnsville
Country: United States
-------------------------------------------

-------------------------------------------
IP-Adress: 89.14.119.22
AS: AS6805 Telefonica Germany
Region: Bavaria
Zip: 69514
Longitude: 8.6539
Latitude: 49.6133
Country-Code: DE
City: Laudenbach
Country: Germany
-------------------------------------------

-------------------------------------------
IP-Adress: 151.16.25.57
AS: AS1267 Wind Telecomunicazioni SpA
Region: Liguria
Zip: 16100
Longitude: 8.95
Latitude: 44.4167
Country-Code: IT
City: Genoa
Country: Italy
-------------------------------------------

-------------------------------------------
IP-Adress: 82.239.100.238
AS: AS12322 Free SAS
Region: Île-de-France
Zip: 75006
Longitude: 2.33
Latitude: 48.8493
Country-Code: FR
City: Paris
Country: France
-------------------------------------------

-------------------------------------------
IP-Adress: 197.231.201.109
AS: AS37563 SOMTEL
Region: Woqooyi Galbeed
Zip: 
Longitude: 44.077
Latitude: 9.56239
Country-Code: SO
City: Hargeisa
Country: Somalia
-------------------------------------------

-------------------------------------------
IP-Adress: 95.252.153.143
AS: AS3269 Telecom Italia
Region: Campania
Zip: 80123
Longitude: 14.2681
Latitude: 40.8522
Country-Code: IT
City: Naples
Country: Italy
-------------------------------------------

-------------------------------------------
IP-Adress: 175.248.28.170
AS: AS4766 Korea Telecom
Region: Daejeon
Zip: 
Longitude: 127.384
Latitude: 36.3545
Country-Code: KR
City: Daejeon
Country: Republic of Korea
-------------------------------------------

-------------------------------------------
IP-Adress: 71.61.162.242
AS: AS7922 Comcast Cable Communications, LLC
Region: West Virginia
Zip: 26554
Longitude: -80.1426
Latitude: 39.4851
Country-Code: US
City: Fairmont
Country: United States
-------------------------------------------

-------------------------------------------
IP-Adress: 218.62.194.83
AS: AS4134 No.31,Jin-rong Street
Region: Yunnan
Zip: 
Longitude: 102.7183
Latitude: 25.0389
Country-Code: CN
City: Kunming
Country: China
-------------------------------------------

-------------------------------------------
IP-Adress: 84.107.20.232
AS: AS9143 Ziggo
Region: North Holland
Zip: 1531
Longitude: 4.8268
Latitude: 52.5003
Country-Code: NL
City: Wormer
Country: Netherlands
-------------------------------------------

-------------------------------------------
IP-Adress: 68.115.200.193
AS: AS20115 Charter Communications
Region: South Carolina
Zip: 29607
Longitude: -82.3221
Latitude: 34.8004
Country-Code: US
City: Greenville
Country: United States
-------------------------------------------

-------------------------------------------
IP-Adress: 71.194.160.210
AS: AS7922 Comcast Cable Communications, LLC
Region: Illinois
Zip: 60506
Longitude: -88.377
Latitude: 41.7653
Country-Code: US
City: Aurora
Country: United States
-------------------------------------------

-------------------------------------------
IP-Adress: 92.9.45.28
AS: AS43234 TalkTalk
Region: England
Zip: DN2
Longitude: -1.1167
Latitude: 53.5333
Country-Code: GB
City: Doncaster
Country: United Kingdom
-------------------------------------------

-------------------------------------------
IP-Adress: 216.105.121.25
AS: AS15278 Savvy Networks USA
Region: New York
Zip: 10039
Longitude: -73.9384
Latitude: 40.827
Country-Code: US
City: New York
Country: United States
-------------------------------------------

-------------------------------------------
IP-Adress: 100.1.195.175
AS: AS701 MCI Communications Services, Inc. d/b/a Verizon Business
Region: New Jersey
Zip: 07734
Longitude: -74.1326
Latitude: 40.4426
Country-Code: US
City: Keansburg
Country: United States
-------------------------------------------

-------------------------------------------
IP-Adress: 42.2.93.107
AS: AS4760 PCCW Limited
Region: Central and Western District
Zip: 
Longitude: 114.15
Latitude: 22.291
Country-Code: HK
City: City of Victoria
Country: Hong Kong
-------------------------------------------

-------------------------------------------
IP-Adress: 95.123.182.37
AS: AS3352 Telefonica De Espana
Region: Extremadura
Zip: 06001
Longitude: -6.9706
Latitude: 38.8779
Country-Code: ES
City: Badajoz
Country: Spain
-------------------------------------------

-------------------------------------------
IP-Adress: 135.0.142.118
AS: AS54614 CIK Telecom INC
Region: Ontario
Zip: K7V
Longitude: -76.6827
Latitude: 45.4668
Country-Code: CA
City: Renfrew
Country: Canada
-------------------------------------------

-------------------------------------------
IP-Adress: 189.143.170.213
AS: AS8151 Uninet S.A. de C.V.
Region: Guerrero
Zip: 39530
Longitude: -99.9167
Latitude: 16.85
Country-Code: MX
City: Acapulco de Juárez
Country: Mexico
-------------------------------------------

-------------------------------------------
IP-Adress: 204.116.22.168
AS: AS22646 Hargray Communications Group, Inc.
Region: South Carolina
Zip: 29910
Longitude: -80.8895
Latitude: 32.2528
Country-Code: US
City: Bluffton
Country: United States
-------------------------------------------

-------------------------------------------
IP-Adress: 78.123.161.120
AS: AS8228 SFR SA
Region: Occitanie
Zip: 31650
Longitude: 1.5341
Latitude: 43.554
Country-Code: FR
City: Saint-Orens-de-Gameville
Country: France
-------------------------------------------

-------------------------------------------
IP-Adress: 107.13.63.221
AS: AS11426 Time Warner Cable Internet LLC
Region: North Carolina
Zip: 27616
Longitude: -78.5394
Latitude: 35.8713
Country-Code: US
City: Raleigh
Country: United States
-------------------------------------------

-------------------------------------------
IP-Adress: 203.130.86.188
AS: AS9756 Tbroad Chungbu Broadcasting Co.
Region: Seoul
Zip: 
Longitude: 126.9743
Latitude: 37.5111
Country-Code: KR
City: Seoul
Country: Republic of Korea
-------------------------------------------

-------------------------------------------
IP-Adress: 87.13.144.25
AS: AS3269 Telecom Italia
Region: Sicily
Zip: 95122
Longitude: 15.0704
Latitude: 37.4922
Country-Code: IT
City: Catania
Country: Italy
-------------------------------------------

-------------------------------------------
IP-Adress: 208.77.208.227
AS: AS13438 Vivio Technologies
Region: Washington
Zip: 99362
Longitude: -118.3077
Latitude: 46.1107
Country-Code: US
City: Walla Walla
Country: United States
-------------------------------------------

-------------------------------------------
IP-Adress: 180.103.238.71
AS: AS4134 No.31,Jin-rong Street
Region: Jiangsu
Zip: 
Longitude: 120.5954
Latitude: 31.3041
Country-Code: CN
City: Suzhou
Country: China
-------------------------------------------

-------------------------------------------
IP-Adress: 174.110.153.34
AS: AS11426 Time Warner Cable Internet LLC
Region: South Carolina
Zip: 29501
Longitude: -79.7626
Latitude: 34.1954
Country-Code: US
City: Florence
Country: United States
-------------------------------------------

-------------------------------------------
IP-Adress: 93.2.79.240
AS: AS15557 SFR SA
Region: Provence-Alpes-Côte d'Azur
Zip: 83300
Longitude: 6.4483
Latitude: 43.6019
Country-Code: FR
City: Draguignan
Country: France
-------------------------------------------

-------------------------------------------
IP-Adress: 100.15.66.163
AS: AS701 MCI Communications Services, Inc. d/b/a Verizon Business
Region: Virginia
Zip: 22315
Longitude: -77.1487
Latitude: 38.757
Country-Code: US
City: Alexandria
Country: United States
-------------------------------------------

-------------------------------------------
IP-Adress: 59.96.104.109
AS: AS9829 National Internet Backbone
Region: Maharashtra
Zip: 411001
Longitude: 73.8667
Latitude: 18.5333
Country-Code: IN
City: Pune
Country: India
-------------------------------------------

-------------------------------------------
IP-Adress: 87.110.137.135
AS: AS12578 SIA Lattelecom
Region: Jelgava
Zip: LV-3002
Longitude: 23.7128
Latitude: 56.65
Country-Code: LV
City: Jelgava
Country: Latvia
-------------------------------------------

-------------------------------------------
IP-Adress: 92.210.209.238
AS: AS3209 Vodafone GmbH
Region: Hesse
Zip: 
Longitude: 8.68213
Latitude: 50.1109
Country-Code: DE
City: Frankfurt am Main
Country: Germany
-------------------------------------------

-------------------------------------------
IP-Adress: 121.43.184.57
AS: AS37963 Hangzhou Alibaba Advertising Co.,Ltd.
Region: Zhejiang
Zip: 
Longitude: 120.1614
Latitude: 30.2936
Country-Code: CN
City: Hangzhou
Country: China
-------------------------------------------

-------------------------------------------
IP-Adress: 23.110.59.27
AS: AS15003 Nobis Technology Group, LLC
Region: Arizona
Zip: 85054
Longitude: -111.9519
Latitude: 33.6748
Country-Code: US
City: Phoenix
Country: United States
-------------------------------------------

-------------------------------------------
IP-Adress: 157.131.242.160
AS: AS46375 Sonic Telecom LLC
Region: California
Zip: 95407
Longitude: -122.7507
Latitude: 38.3928
Country-Code: US
City: Santa Rosa
Country: United States
-------------------------------------------

-------------------------------------------
IP-Adress: 185.107.53.210
AS: AS24940 Hetzner Online GmbH
Region: North Rhine-Westphalia
Zip: 48712
Longitude: 7.0048
Latitude: 51.954
Country-Code: DE
City: Gescher
Country: Germany
-------------------------------------------

-------------------------------------------
IP-Adress: 83.60.148.62
AS: AS3352 Telefonica De Espana
Region: Catalonia
Zip: 08004
Longitude: 2.159
Latitude: 41.3888
Country-Code: ES
City: Barcelona
Country: Spain
-------------------------------------------

-------------------------------------------
IP-Adress: 172.90.58.216
AS: AS20001 Time Warner Cable Internet LLC
Region: California
Zip: 92804
Longitude: -117.9794
Latitude: 33.8161
Country-Code: US
City: Anaheim
Country: United States
-------------------------------------------

-------------------------------------------
IP-Adress: 82.33.151.1
AS: AS5089 Virgin Media Limited
Region: Scotland
Zip: EH1
Longitude: -3.2
Latitude: 55.95
Country-Code: GB
City: Edinburgh
Country: United Kingdom
-------------------------------------------

-------------------------------------------
IP-Adress: 23.37.227.185
AS: AS16625 Akamai Technologies, Inc.
Region: Massachusetts
Zip: 02142
Longitude: -71.0843
Latitude: 42.3626
Country-Code: US
City: Cambridge
Country: United States
-------------------------------------------

-------------------------------------------
IP-Adress: 181.231.6.6
AS: AS10481 Prima S.A.
Region: Buenos Aires
Zip: 1746
Longitude: -58.8583
Latitude: -34.6339
Country-Code: AR
City: Francisco Alvarez
Country: Argentina
-------------------------------------------

-------------------------------------------
IP-Adress: 188.142.212.112
AS: AS6830 Liberty Global Operations B.V.
Region: Hajdú-Bihar
Zip: 4200
Longitude: 21.3924
Latitude: 47.4467
Country-Code: HU
City: Hajduszoboszlo
Country: Hungary
-------------------------------------------

-------------------------------------------
IP-Adress: 122.8.37.133
AS: AS132165 Connect Communications
Region: Sindh
Zip: 12311
Longitude: 67.0822
Latitude: 24.9056
Country-Code: PK
City: Karachi
Country: Pakistan
-------------------------------------------

-------------------------------------------
IP-Adress: 78.239.227.241
AS: AS12322 Free SAS
Region: Île-de-France
Zip: 77170
Longitude: 2.6109
Latitude: 48.6925
Country-Code: FR
City: Brie-Comte-Robert
Country: France
-------------------------------------------

-------------------------------------------
IP-Adress: 220.85.1.12
AS: AS4766 Korea Telecom
Region: Seoul
Zip: 
Longitude: 126.9743
Latitude: 37.5111
Country-Code: KR
City: Seoul
Country: Republic of Korea
-------------------------------------------

-------------------------------------------
IP-Adress: 88.209.109.212
AS: AS6758 Monaco Telecom
Region: 
Zip: 
Longitude: 7.4167
Latitude: 43.7333
Country-Code: MC
City: Monaco
Country: Monaco
-------------------------------------------

-------------------------------------------
IP-Adress: 222.238.111.152
AS: AS9318 SK Broadband Co Ltd
Region: Seoul
Zip: 
Longitude: 126.9743
Latitude: 37.5111
Country-Code: KR
City: Seoul
Country: Republic of Korea
-------------------------------------------

-------------------------------------------
IP-Adress: 168.227.153.40
AS: AS263985 FABIO DA SILVA GARCIA COMPUTADORES - ME
Region: Sao Paulo
Zip: 
Longitude: -46.5262
Latitude: -23.4507
Country-Code: BR
City: Guarulhos
Country: Brazil
-------------------------------------------

-------------------------------------------
IP-Adress: 162.247.190.23
AS: AS14543 SRT Communications, Inc.
Region: North Dakota
Zip: 58701
Longitude: -101.3393
Latitude: 48.1387
Country-Code: US
City: Minot
Country: United States
-------------------------------------------

-------------------------------------------
IP-Adress: 84.100.51.77
AS: AS15557 SFR SA
Region: Île-de-France
Zip: 95130
Longitude: 2.2333
Latitude: 48.9833
Country-Code: FR
City: Franconville
Country: France
-------------------------------------------

-------------------------------------------
IP-Adress: 173.88.31.87
AS: AS10796 Time Warner Cable Internet LLC
Region: Ohio
Zip: 43204
Longitude: -83.0846
Latitude: 39.9641
Country-Code: US
City: Columbus
Country: United States
-------------------------------------------

-------------------------------------------
IP-Adress: 114.253.175.179
AS: AS4808 China Unicom Beijing Province Network
Region: Beijing
Zip: 
Longitude: 116.3883
Latitude: 39.9289
Country-Code: CN
City: Beijing
Country: China
-------------------------------------------

-------------------------------------------
IP-Adress: 94.156.2.20
AS: AS43561 NET1 Ltd.
Region: Sofia-Capital
Zip: 1000
Longitude: 23.3167
Latitude: 42.6833
Country-Code: BG
City: Sofia
Country: Bulgaria
-------------------------------------------

-------------------------------------------
IP-Adress: 201.240.34.227
AS: AS6147 Telefonica del Peru S.A.A.
Region: Lima
Zip: 
Longitude: -77.0165
Latitude: -12.1097
Country-Code: PE
City: Surquillo
Country: Peru
-------------------------------------------

-------------------------------------------
IP-Adress: 83.115.242.131
AS: AS3215 Orange
Region: Normandy
Zip: 14000
Longitude: -0.3268
Latitude: 49.1972
Country-Code: FR
City: Caen
Country: France
-------------------------------------------

-------------------------------------------
IP-Adress: 179.56.109.110
AS: AS14117 Telefonica del Sur S.A.
Region: Region del Biobio
Zip: 
Longitude: -73.05
Latitude: -36.8333
Country-Code: CL
City: Concepción
Country: Chile
-------------------------------------------

-------------------------------------------
IP-Adress: 143.176.75.152
AS: AS13127 Tele 2 Nederland B.V.
Region: North Brabant
Zip: 5014
Longitude: 5.093
Latitude: 51.5672
Country-Code: NL
City: Tilburg
Country: Netherlands
-------------------------------------------

-------------------------------------------
IP-Adress: 82.231.169.28
AS: AS12322 Free SAS
Region: Île-de-France
Zip: 93330
Longitude: 2.549
Latitude: 48.8537
Country-Code: FR
City: Neuilly-sur-Marne
Country: France
-------------------------------------------

-------------------------------------------
IP-Adress: 150.255.80.166
AS: AS4837 CHINA UNICOM China169 Backbone
Region: Hainan
Zip: 
Longitude: 110.3417
Latitude: 20.0458
Country-Code: CN
City: Haikou
Country: China
-------------------------------------------

